<?xml version="1.0" encoding="UTF-8"?>
<!-- Generated by org.testng.reporters.JUnitReportReporter -->
<testsuite skipped="0" hostname="TANUSUVA-PC" name="updates.NewClass" tests="2" failures="0" timestamp="13 Apr 2021 20:21:45 GMT" time="0.023" errors="0">
  <testcase name="deleteTwitter" time="0.021" classname="updates.NewClass"/>
  <testcase name="postJira" time="0.002" classname="updates.NewClass"/>
</testsuite> <!-- updates.NewClass -->
